<?xml version="1.0" encoding="UTF-8"?>
<testng-results ignored="0" total="9" passed="7" failed="2" skipped="0">
  <reporter-output>
  </reporter-output>
  <suite started-at="2025-06-21T15:46:27 IST" name="Suite" finished-at="2025-06-21T15:50:13 IST" duration-ms="225694">
    <groups>
      <group name="smoke">
        <method signature="DWS_Address_Test.addAddress()[pri:1, instance:project_DWS.DWS_Address_Test@26b3fd41]" name="addAddress" class="project_DWS.DWS_Address_Test"/>
        <method signature="DWS_Cart_Test.addToCart()[pri:1, instance:project_DWS.DWS_Cart_Test@4c39bec8]" name="addToCart" class="project_DWS.DWS_Cart_Test"/>
        <method signature="DWS_Address_Test.updateAddress()[pri:2, instance:project_DWS.DWS_Address_Test@26b3fd41]" name="updateAddress" class="project_DWS.DWS_Address_Test"/>
        <method signature="DWS_Cart_Test.updateCart()[pri:2, instance:project_DWS.DWS_Cart_Test@4c39bec8]" name="updateCart" class="project_DWS.DWS_Cart_Test"/>
      </group> <!-- smoke -->
      <group name="sanity">
        <method signature="DWS_Address_Test.removeAddress()[pri:3, instance:project_DWS.DWS_Address_Test@26b3fd41]" name="removeAddress" class="project_DWS.DWS_Address_Test"/>
        <method signature="DWS_Cart_Test.removeFromCart()[pri:3, instance:project_DWS.DWS_Cart_Test@4c39bec8]" name="removeFromCart" class="project_DWS.DWS_Cart_Test"/>
      </group> <!-- sanity -->
    </groups>
    <test started-at="2025-06-21T15:46:27 IST" name="Test" finished-at="2025-06-21T15:50:13 IST" duration-ms="225694">
      <class name="project_DWS.DWS_WishList_Test">
        <test-method is-config="true" signature="openBrowser(java.lang.String)[pri:0, instance:project_DWS.DWS_WishList_Test@7494f96a]" started-at="2025-06-21T15:49:27 IST" name="openBrowser" finished-at="2025-06-21T15:49:37 IST" duration-ms="10406" status="PASS">
          <params>
            <param index="0">
              <value>
                <![CDATA[chrome]]>
              </value>
            </param>
          </params>
          <reporter-output>
          </reporter-output>
        </test-method> <!-- openBrowser -->
        <test-method is-config="true" signature="loginToDWS(java.lang.reflect.Method)[pri:0, instance:project_DWS.DWS_WishList_Test@7494f96a]" started-at="2025-06-21T15:49:37 IST" name="loginToDWS" finished-at="2025-06-21T15:49:40 IST" duration-ms="3208" status="PASS">
          <params>
            <param index="0">
              <value>
                <![CDATA[public void project_DWS.DWS_WishList_Test.addToWishlist()]]>
              </value>
            </param>
          </params>
          <reporter-output>
          </reporter-output>
        </test-method> <!-- loginToDWS -->
        <test-method signature="addToWishlist()[pri:1, instance:project_DWS.DWS_WishList_Test@7494f96a]" started-at="2025-06-21T15:49:40 IST" name="addToWishlist" finished-at="2025-06-21T15:49:47 IST" duration-ms="6476" status="PASS">
          <reporter-output>
          </reporter-output>
        </test-method> <!-- addToWishlist -->
        <test-method is-config="true" signature="logoutFromDWS()[pri:0, instance:project_DWS.DWS_WishList_Test@7494f96a]" started-at="2025-06-21T15:49:47 IST" name="logoutFromDWS" finished-at="2025-06-21T15:49:49 IST" duration-ms="2018" status="PASS">
          <reporter-output>
          </reporter-output>
        </test-method> <!-- logoutFromDWS -->
        <test-method is-config="true" signature="loginToDWS(java.lang.reflect.Method)[pri:0, instance:project_DWS.DWS_WishList_Test@7494f96a]" started-at="2025-06-21T15:49:49 IST" name="loginToDWS" finished-at="2025-06-21T15:49:52 IST" duration-ms="3616" status="PASS">
          <params>
            <param index="0">
              <value>
                <![CDATA[public void project_DWS.DWS_WishList_Test.updateWishlist()]]>
              </value>
            </param>
          </params>
          <reporter-output>
          </reporter-output>
        </test-method> <!-- loginToDWS -->
        <test-method signature="updateWishlist()[pri:2, instance:project_DWS.DWS_WishList_Test@7494f96a]" started-at="2025-06-21T15:49:52 IST" name="updateWishlist" finished-at="2025-06-21T15:49:57 IST" duration-ms="4648" status="PASS">
          <reporter-output>
          </reporter-output>
        </test-method> <!-- updateWishlist -->
        <test-method is-config="true" signature="logoutFromDWS()[pri:0, instance:project_DWS.DWS_WishList_Test@7494f96a]" started-at="2025-06-21T15:49:57 IST" name="logoutFromDWS" finished-at="2025-06-21T15:49:59 IST" duration-ms="1968" status="PASS">
          <reporter-output>
          </reporter-output>
        </test-method> <!-- logoutFromDWS -->
        <test-method is-config="true" signature="loginToDWS(java.lang.reflect.Method)[pri:0, instance:project_DWS.DWS_WishList_Test@7494f96a]" started-at="2025-06-21T15:49:59 IST" name="loginToDWS" finished-at="2025-06-21T15:50:02 IST" duration-ms="3587" status="PASS">
          <params>
            <param index="0">
              <value>
                <![CDATA[public void project_DWS.DWS_WishList_Test.addToCartFromWishlist()]]>
              </value>
            </param>
          </params>
          <reporter-output>
          </reporter-output>
        </test-method> <!-- loginToDWS -->
        <test-method signature="addToCartFromWishlist()[pri:3, instance:project_DWS.DWS_WishList_Test@7494f96a]" started-at="2025-06-21T15:50:02 IST" name="addToCartFromWishlist" finished-at="2025-06-21T15:50:10 IST" duration-ms="7722" status="PASS">
          <reporter-output>
          </reporter-output>
        </test-method> <!-- addToCartFromWishlist -->
        <test-method is-config="true" signature="logoutFromDWS()[pri:0, instance:project_DWS.DWS_WishList_Test@7494f96a]" started-at="2025-06-21T15:50:10 IST" name="logoutFromDWS" finished-at="2025-06-21T15:50:13 IST" duration-ms="2417" status="PASS">
          <reporter-output>
          </reporter-output>
        </test-method> <!-- logoutFromDWS -->
        <test-method is-config="true" signature="closeBrowser()[pri:0, instance:project_DWS.DWS_WishList_Test@7494f96a]" started-at="2025-06-21T15:50:13 IST" name="closeBrowser" finished-at="2025-06-21T15:50:13 IST" duration-ms="302" status="PASS">
          <reporter-output>
          </reporter-output>
        </test-method> <!-- closeBrowser -->
      </class> <!-- project_DWS.DWS_WishList_Test -->
      <class name="project_DWS.DWS_Address_Test">
        <test-method is-config="true" signature="openBrowser(java.lang.String)[pri:0, instance:project_DWS.DWS_Address_Test@26b3fd41]" started-at="2025-06-21T15:47:24 IST" name="openBrowser" finished-at="2025-06-21T15:47:37 IST" duration-ms="13157" status="PASS">
          <params>
            <param index="0">
              <value>
                <![CDATA[chrome]]>
              </value>
            </param>
          </params>
          <reporter-output>
          </reporter-output>
        </test-method> <!-- openBrowser -->
        <test-method is-config="true" signature="loginToDWS(java.lang.reflect.Method)[pri:0, instance:project_DWS.DWS_Address_Test@26b3fd41]" started-at="2025-06-21T15:47:37 IST" name="loginToDWS" finished-at="2025-06-21T15:47:41 IST" duration-ms="3894" status="PASS">
          <params>
            <param index="0">
              <value>
                <![CDATA[public void project_DWS.DWS_Address_Test.addAddress() throws java.lang.Exception]]>
              </value>
            </param>
          </params>
          <reporter-output>
          </reporter-output>
        </test-method> <!-- loginToDWS -->
        <test-method signature="addAddress()[pri:1, instance:project_DWS.DWS_Address_Test@26b3fd41]" started-at="2025-06-21T15:47:41 IST" name="addAddress" finished-at="2025-06-21T15:47:50 IST" duration-ms="9281" status="PASS">
          <reporter-output>
          </reporter-output>
        </test-method> <!-- addAddress -->
        <test-method is-config="true" signature="logoutFromDWS()[pri:0, instance:project_DWS.DWS_Address_Test@26b3fd41]" started-at="2025-06-21T15:47:50 IST" name="logoutFromDWS" finished-at="2025-06-21T15:47:54 IST" duration-ms="4184" status="PASS">
          <reporter-output>
          </reporter-output>
        </test-method> <!-- logoutFromDWS -->
        <test-method is-config="true" signature="loginToDWS(java.lang.reflect.Method)[pri:0, instance:project_DWS.DWS_Address_Test@26b3fd41]" started-at="2025-06-21T15:47:54 IST" name="loginToDWS" finished-at="2025-06-21T15:47:57 IST" duration-ms="2497" status="PASS">
          <params>
            <param index="0">
              <value>
                <![CDATA[public void project_DWS.DWS_Address_Test.updateAddress() throws java.lang.Exception]]>
              </value>
            </param>
          </params>
          <reporter-output>
          </reporter-output>
        </test-method> <!-- loginToDWS -->
        <test-method signature="updateAddress()[pri:2, instance:project_DWS.DWS_Address_Test@26b3fd41]" started-at="2025-06-21T15:47:57 IST" name="updateAddress" finished-at="2025-06-21T15:48:08 IST" duration-ms="10772" status="PASS">
          <reporter-output>
          </reporter-output>
        </test-method> <!-- updateAddress -->
        <test-method is-config="true" signature="logoutFromDWS()[pri:0, instance:project_DWS.DWS_Address_Test@26b3fd41]" started-at="2025-06-21T15:48:08 IST" name="logoutFromDWS" finished-at="2025-06-21T15:48:09 IST" duration-ms="1302" status="PASS">
          <reporter-output>
          </reporter-output>
        </test-method> <!-- logoutFromDWS -->
        <test-method is-config="true" signature="loginToDWS(java.lang.reflect.Method)[pri:0, instance:project_DWS.DWS_Address_Test@26b3fd41]" started-at="2025-06-21T15:48:09 IST" name="loginToDWS" finished-at="2025-06-21T15:48:13 IST" duration-ms="3695" status="PASS">
          <params>
            <param index="0">
              <value>
                <![CDATA[public void project_DWS.DWS_Address_Test.removeAddress() throws java.lang.Exception]]>
              </value>
            </param>
          </params>
          <reporter-output>
          </reporter-output>
        </test-method> <!-- loginToDWS -->
        <test-method signature="removeAddress()[pri:3, instance:project_DWS.DWS_Address_Test@26b3fd41]" started-at="2025-06-21T15:48:13 IST" name="removeAddress" finished-at="2025-06-21T15:49:16 IST" duration-ms="63301" status="FAIL">
          <exception class="org.openqa.selenium.StaleElementReferenceException">
            <message>
              <![CDATA[stale element reference: stale element not found
  (Session info: chrome=137.0.7151.120)
For documentation on this error, please visit: https://www.selenium.dev/documentation/webdriver/troubleshooting/errors#stale-element-reference-exception
Build info: version: '4.27.0', revision: 'd6e718d134'
System info: os.name: 'Windows 11', os.arch: 'amd64', os.version: '10.0', java.version: '23.0.1'
Driver info: org.openqa.selenium.chrome.ChromeDriver
Command: [1d01d1727084ac11a0cf1d18bfda19b5, elementScreenshot {id=f.A87689FB8E2EB90C67CFFD41368767FB.d.16B9FFA3DFB978D2011A3AD1728A8C8C.e.637}]
Capabilities {acceptInsecureCerts: false, browserName: chrome, browserVersion: 137.0.7151.120, chrome: {chromedriverVersion: 137.0.7151.119 (e0ac9d12dff..., userDataDir: C:\Users\dhane\AppData\Loca...}, fedcm:accounts: true, goog:chromeOptions: {debuggerAddress: localhost:65236}, networkConnectionEnabled: false, pageLoadStrategy: normal, platformName: windows, proxy: Proxy(), se:cdp: ws://localhost:65236/devtoo..., se:cdpVersion: 137.0.7151.120, setWindowRect: true, strictFileInteractability: false, timeouts: {implicit: 0, pageLoad: 300000, script: 30000}, unhandledPromptBehavior: dismiss and notify, webauthn:extension:credBlob: true, webauthn:extension:largeBlob: true, webauthn:extension:minPinLength: true, webauthn:extension:prf: true, webauthn:virtualAuthenticators: true}
Element: [[ChromeDriver: chrome on windows (1d01d1727084ac11a0cf1d18bfda19b5)] -> xpath: //strong[text()='Dhanesh Kumar']/ancestor::div[@class='section address-item']]
Session ID: 1d01d1727084ac11a0cf1d18bfda19b5]]>
            </message>
            <full-stacktrace>
              <![CDATA[org.openqa.selenium.StaleElementReferenceException: stale element reference: stale element not found
  (Session info: chrome=137.0.7151.120)
For documentation on this error, please visit: https://www.selenium.dev/documentation/webdriver/troubleshooting/errors#stale-element-reference-exception
Build info: version: '4.27.0', revision: 'd6e718d134'
System info: os.name: 'Windows 11', os.arch: 'amd64', os.version: '10.0', java.version: '23.0.1'
Driver info: org.openqa.selenium.chrome.ChromeDriver
Command: [1d01d1727084ac11a0cf1d18bfda19b5, elementScreenshot {id=f.A87689FB8E2EB90C67CFFD41368767FB.d.16B9FFA3DFB978D2011A3AD1728A8C8C.e.637}]
Capabilities {acceptInsecureCerts: false, browserName: chrome, browserVersion: 137.0.7151.120, chrome: {chromedriverVersion: 137.0.7151.119 (e0ac9d12dff..., userDataDir: C:\Users\dhane\AppData\Loca...}, fedcm:accounts: true, goog:chromeOptions: {debuggerAddress: localhost:65236}, networkConnectionEnabled: false, pageLoadStrategy: normal, platformName: windows, proxy: Proxy(), se:cdp: ws://localhost:65236/devtoo..., se:cdpVersion: 137.0.7151.120, setWindowRect: true, strictFileInteractability: false, timeouts: {implicit: 0, pageLoad: 300000, script: 30000}, unhandledPromptBehavior: dismiss and notify, webauthn:extension:credBlob: true, webauthn:extension:largeBlob: true, webauthn:extension:minPinLength: true, webauthn:extension:prf: true, webauthn:virtualAuthenticators: true}
Element: [[ChromeDriver: chrome on windows (1d01d1727084ac11a0cf1d18bfda19b5)] -> xpath: //strong[text()='Dhanesh Kumar']/ancestor::div[@class='section address-item']]
Session ID: 1d01d1727084ac11a0cf1d18bfda19b5
at java.base/jdk.internal.reflect.DirectConstructorHandleAccessor.newInstance(DirectConstructorHandleAccessor.java:62)
at java.base/java.lang.reflect.Constructor.newInstanceWithCaller(Constructor.java:501)
at java.base/java.lang.reflect.Constructor.newInstance(Constructor.java:485)
at org.openqa.selenium.remote.ErrorCodec.decode(ErrorCodec.java:167)
at org.openqa.selenium.remote.codec.w3c.W3CHttpResponseCodec.decode(W3CHttpResponseCodec.java:138)
at org.openqa.selenium.remote.codec.w3c.W3CHttpResponseCodec.decode(W3CHttpResponseCodec.java:50)
at org.openqa.selenium.remote.HttpCommandExecutor.execute(HttpCommandExecutor.java:190)
at org.openqa.selenium.remote.service.DriverCommandExecutor.invokeExecute(DriverCommandExecutor.java:216)
at org.openqa.selenium.remote.service.DriverCommandExecutor.execute(DriverCommandExecutor.java:174)
at org.openqa.selenium.remote.RemoteWebDriver.execute(RemoteWebDriver.java:545)
at org.openqa.selenium.remote.RemoteWebElement.execute(RemoteWebElement.java:223)
at org.openqa.selenium.remote.RemoteWebElement.getScreenshotAs(RemoteWebElement.java:360)
at genericUtilities.WebDriver_Utility.takesScreenshot(WebDriver_Utility.java:33)
at project_DWS.DWS_Address_Test.removeAddress(DWS_Address_Test.java:87)
at java.base/jdk.internal.reflect.DirectMethodHandleAccessor.invoke(DirectMethodHandleAccessor.java:103)
at java.base/java.lang.reflect.Method.invoke(Method.java:580)
at org.testng.internal.invokers.MethodInvocationHelper.invokeMethod(MethodInvocationHelper.java:141)
at org.testng.internal.invokers.TestInvoker.invokeMethod(TestInvoker.java:687)
at org.testng.internal.invokers.TestInvoker.invokeTestMethod(TestInvoker.java:230)
at org.testng.internal.invokers.MethodRunner.runInSequence(MethodRunner.java:63)
at org.testng.internal.invokers.TestInvoker$MethodInvocationAgent.invoke(TestInvoker.java:995)
at org.testng.internal.invokers.TestInvoker.invokeTestMethods(TestInvoker.java:203)
at org.testng.internal.invokers.TestMethodWorker.invokeTestMethods(TestMethodWorker.java:154)
at org.testng.internal.invokers.TestMethodWorker.run(TestMethodWorker.java:134)
at java.base/java.util.ArrayList.forEach(ArrayList.java:1597)
at org.testng.TestRunner.privateRun(TestRunner.java:741)
at org.testng.TestRunner.run(TestRunner.java:616)
at org.testng.SuiteRunner.runTest(SuiteRunner.java:421)
at org.testng.SuiteRunner.runSequentially(SuiteRunner.java:413)
at org.testng.SuiteRunner.privateRun(SuiteRunner.java:373)
at org.testng.SuiteRunner.run(SuiteRunner.java:312)
at org.testng.SuiteRunnerWorker.runSuite(SuiteRunnerWorker.java:52)
at org.testng.SuiteRunnerWorker.run(SuiteRunnerWorker.java:95)
at org.testng.TestNG.runSuitesSequentially(TestNG.java:1274)
at org.testng.TestNG.runSuitesLocally(TestNG.java:1208)
at org.testng.TestNG.runSuites(TestNG.java:1112)
at org.testng.TestNG.run(TestNG.java:1079)
at org.testng.remote.AbstractRemoteTestNG.run(AbstractRemoteTestNG.java:115)
at org.testng.remote.RemoteTestNG.initAndRun(RemoteTestNG.java:293)
at org.testng.remote.RemoteTestNG.main(RemoteTestNG.java:91)
]]>
            </full-stacktrace>
          </exception> <!-- org.openqa.selenium.StaleElementReferenceException -->
          <reporter-output>
          </reporter-output>
        </test-method> <!-- removeAddress -->
        <test-method is-config="true" signature="logoutFromDWS()[pri:0, instance:project_DWS.DWS_Address_Test@26b3fd41]" started-at="2025-06-21T15:49:16 IST" name="logoutFromDWS" finished-at="2025-06-21T15:49:26 IST" duration-ms="10053" status="FAIL">
          <exception class="org.openqa.selenium.NoSuchElementException">
            <message>
              <![CDATA[no such element: Unable to locate element: {"method":"link text","selector":"Log out"}
  (Session info: chrome=137.0.7151.120)
For documentation on this error, please visit: https://www.selenium.dev/documentation/webdriver/troubleshooting/errors#no-such-element-exception
Build info: version: '4.27.0', revision: 'd6e718d134'
System info: os.name: 'Windows 11', os.arch: 'amd64', os.version: '10.0', java.version: '23.0.1'
Driver info: org.openqa.selenium.chrome.ChromeDriver
Command: [1d01d1727084ac11a0cf1d18bfda19b5, findElement {value=Log out, using=link text}]
Capabilities {acceptInsecureCerts: false, browserName: chrome, browserVersion: 137.0.7151.120, chrome: {chromedriverVersion: 137.0.7151.119 (e0ac9d12dff..., userDataDir: C:\Users\dhane\AppData\Loca...}, fedcm:accounts: true, goog:chromeOptions: {debuggerAddress: localhost:65236}, networkConnectionEnabled: false, pageLoadStrategy: normal, platformName: windows, proxy: Proxy(), se:cdp: ws://localhost:65236/devtoo..., se:cdpVersion: 137.0.7151.120, setWindowRect: true, strictFileInteractability: false, timeouts: {implicit: 0, pageLoad: 300000, script: 30000}, unhandledPromptBehavior: dismiss and notify, webauthn:extension:credBlob: true, webauthn:extension:largeBlob: true, webauthn:extension:minPinLength: true, webauthn:extension:prf: true, webauthn:virtualAuthenticators: true}
Session ID: 1d01d1727084ac11a0cf1d18bfda19b5]]>
            </message>
            <full-stacktrace>
              <![CDATA[org.openqa.selenium.NoSuchElementException: no such element: Unable to locate element: {"method":"link text","selector":"Log out"}
  (Session info: chrome=137.0.7151.120)
For documentation on this error, please visit: https://www.selenium.dev/documentation/webdriver/troubleshooting/errors#no-such-element-exception
Build info: version: '4.27.0', revision: 'd6e718d134'
System info: os.name: 'Windows 11', os.arch: 'amd64', os.version: '10.0', java.version: '23.0.1'
Driver info: org.openqa.selenium.chrome.ChromeDriver
Command: [1d01d1727084ac11a0cf1d18bfda19b5, findElement {value=Log out, using=link text}]
Capabilities {acceptInsecureCerts: false, browserName: chrome, browserVersion: 137.0.7151.120, chrome: {chromedriverVersion: 137.0.7151.119 (e0ac9d12dff..., userDataDir: C:\Users\dhane\AppData\Loca...}, fedcm:accounts: true, goog:chromeOptions: {debuggerAddress: localhost:65236}, networkConnectionEnabled: false, pageLoadStrategy: normal, platformName: windows, proxy: Proxy(), se:cdp: ws://localhost:65236/devtoo..., se:cdpVersion: 137.0.7151.120, setWindowRect: true, strictFileInteractability: false, timeouts: {implicit: 0, pageLoad: 300000, script: 30000}, unhandledPromptBehavior: dismiss and notify, webauthn:extension:credBlob: true, webauthn:extension:largeBlob: true, webauthn:extension:minPinLength: true, webauthn:extension:prf: true, webauthn:virtualAuthenticators: true}
Session ID: 1d01d1727084ac11a0cf1d18bfda19b5
at java.base/jdk.internal.reflect.DirectConstructorHandleAccessor.newInstance(DirectConstructorHandleAccessor.java:62)
at java.base/java.lang.reflect.Constructor.newInstanceWithCaller(Constructor.java:501)
at java.base/java.lang.reflect.Constructor.newInstance(Constructor.java:485)
at org.openqa.selenium.remote.ErrorCodec.decode(ErrorCodec.java:167)
at org.openqa.selenium.remote.codec.w3c.W3CHttpResponseCodec.decode(W3CHttpResponseCodec.java:138)
at org.openqa.selenium.remote.codec.w3c.W3CHttpResponseCodec.decode(W3CHttpResponseCodec.java:50)
at org.openqa.selenium.remote.HttpCommandExecutor.execute(HttpCommandExecutor.java:190)
at org.openqa.selenium.remote.service.DriverCommandExecutor.invokeExecute(DriverCommandExecutor.java:216)
at org.openqa.selenium.remote.service.DriverCommandExecutor.execute(DriverCommandExecutor.java:174)
at org.openqa.selenium.remote.RemoteWebDriver.execute(RemoteWebDriver.java:545)
at org.openqa.selenium.remote.ElementLocation$ElementFinder$2.findElement(ElementLocation.java:165)
at org.openqa.selenium.remote.ElementLocation.findElement(ElementLocation.java:59)
at org.openqa.selenium.remote.RemoteWebDriver.findElement(RemoteWebDriver.java:368)
at org.openqa.selenium.remote.RemoteWebDriver.findElement(RemoteWebDriver.java:362)
at org.openqa.selenium.support.pagefactory.DefaultElementLocator.findElement(DefaultElementLocator.java:68)
at org.openqa.selenium.support.pagefactory.internal.LocatingElementHandler.invoke(LocatingElementHandler.java:38)
at jdk.proxy2/jdk.proxy2.$Proxy22.click(Unknown Source)
at genericUtilities.BaseTest.logoutFromDWS(BaseTest.java:89)
at java.base/jdk.internal.reflect.DirectMethodHandleAccessor.invoke(DirectMethodHandleAccessor.java:103)
at java.base/java.lang.reflect.Method.invoke(Method.java:580)
at org.testng.internal.invokers.MethodInvocationHelper.invokeMethod(MethodInvocationHelper.java:141)
at org.testng.internal.invokers.MethodInvocationHelper.invokeMethodConsideringTimeout(MethodInvocationHelper.java:71)
at org.testng.internal.invokers.ConfigInvoker.invokeConfigurationMethod(ConfigInvoker.java:400)
at org.testng.internal.invokers.ConfigInvoker.invokeConfigurations(ConfigInvoker.java:333)
at org.testng.internal.invokers.TestInvoker.runConfigMethods(TestInvoker.java:836)
at org.testng.internal.invokers.TestInvoker.runAfterConfigurations(TestInvoker.java:805)
at org.testng.internal.invokers.TestInvoker.invokeMethod(TestInvoker.java:781)
at org.testng.internal.invokers.TestInvoker.invokeTestMethod(TestInvoker.java:230)
at org.testng.internal.invokers.MethodRunner.runInSequence(MethodRunner.java:63)
at org.testng.internal.invokers.TestInvoker$MethodInvocationAgent.invoke(TestInvoker.java:995)
at org.testng.internal.invokers.TestInvoker.invokeTestMethods(TestInvoker.java:203)
at org.testng.internal.invokers.TestMethodWorker.invokeTestMethods(TestMethodWorker.java:154)
at org.testng.internal.invokers.TestMethodWorker.run(TestMethodWorker.java:134)
at java.base/java.util.ArrayList.forEach(ArrayList.java:1597)
at org.testng.TestRunner.privateRun(TestRunner.java:741)
at org.testng.TestRunner.run(TestRunner.java:616)
at org.testng.SuiteRunner.runTest(SuiteRunner.java:421)
at org.testng.SuiteRunner.runSequentially(SuiteRunner.java:413)
at org.testng.SuiteRunner.privateRun(SuiteRunner.java:373)
at org.testng.SuiteRunner.run(SuiteRunner.java:312)
at org.testng.SuiteRunnerWorker.runSuite(SuiteRunnerWorker.java:52)
at org.testng.SuiteRunnerWorker.run(SuiteRunnerWorker.java:95)
at org.testng.TestNG.runSuitesSequentially(TestNG.java:1274)
at org.testng.TestNG.runSuitesLocally(TestNG.java:1208)
at org.testng.TestNG.runSuites(TestNG.java:1112)
at org.testng.TestNG.run(TestNG.java:1079)
at org.testng.remote.AbstractRemoteTestNG.run(AbstractRemoteTestNG.java:115)
at org.testng.remote.RemoteTestNG.initAndRun(RemoteTestNG.java:293)
at org.testng.remote.RemoteTestNG.main(RemoteTestNG.java:91)
]]>
            </full-stacktrace>
          </exception> <!-- org.openqa.selenium.NoSuchElementException -->
          <reporter-output>
          </reporter-output>
        </test-method> <!-- logoutFromDWS -->
        <test-method is-config="true" signature="closeBrowser()[pri:0, instance:project_DWS.DWS_Address_Test@26b3fd41]" started-at="2025-06-21T15:49:26 IST" name="closeBrowser" finished-at="2025-06-21T15:49:27 IST" duration-ms="429" status="PASS">
          <reporter-output>
          </reporter-output>
        </test-method> <!-- closeBrowser -->
      </class> <!-- project_DWS.DWS_Address_Test -->
      <class name="project_DWS.DWS_Cart_Test">
        <test-method is-config="true" signature="configureReport()[pri:0, instance:project_DWS.DWS_Cart_Test@4c39bec8]" started-at="2025-06-21T15:46:27 IST" name="configureReport" finished-at="2025-06-21T15:46:27 IST" duration-ms="406" status="PASS">
          <reporter-output>
          </reporter-output>
        </test-method> <!-- configureReport -->
        <test-method is-config="true" signature="openBrowser(java.lang.String)[pri:0, instance:project_DWS.DWS_Cart_Test@4c39bec8]" started-at="2025-06-21T15:46:27 IST" name="openBrowser" finished-at="2025-06-21T15:46:55 IST" duration-ms="27752" status="PASS">
          <params>
            <param index="0">
              <value>
                <![CDATA[chrome]]>
              </value>
            </param>
          </params>
          <reporter-output>
          </reporter-output>
        </test-method> <!-- openBrowser -->
        <test-method is-config="true" signature="loginToDWS(java.lang.reflect.Method)[pri:0, instance:project_DWS.DWS_Cart_Test@4c39bec8]" started-at="2025-06-21T15:46:55 IST" name="loginToDWS" finished-at="2025-06-21T15:46:59 IST" duration-ms="4448" status="PASS">
          <params>
            <param index="0">
              <value>
                <![CDATA[public void project_DWS.DWS_Cart_Test.addToCart() throws java.lang.Exception]]>
              </value>
            </param>
          </params>
          <reporter-output>
          </reporter-output>
        </test-method> <!-- loginToDWS -->
        <test-method signature="addToCart()[pri:1, instance:project_DWS.DWS_Cart_Test@4c39bec8]" started-at="2025-06-21T15:46:59 IST" name="addToCart" finished-at="2025-06-21T15:47:04 IST" duration-ms="4410" status="PASS">
          <reporter-output>
          </reporter-output>
        </test-method> <!-- addToCart -->
        <test-method is-config="true" signature="logoutFromDWS()[pri:0, instance:project_DWS.DWS_Cart_Test@4c39bec8]" started-at="2025-06-21T15:47:04 IST" name="logoutFromDWS" finished-at="2025-06-21T15:47:06 IST" duration-ms="2290" status="PASS">
          <reporter-output>
          </reporter-output>
        </test-method> <!-- logoutFromDWS -->
        <test-method is-config="true" signature="loginToDWS(java.lang.reflect.Method)[pri:0, instance:project_DWS.DWS_Cart_Test@4c39bec8]" started-at="2025-06-21T15:47:06 IST" name="loginToDWS" finished-at="2025-06-21T15:47:08 IST" duration-ms="1975" status="PASS">
          <params>
            <param index="0">
              <value>
                <![CDATA[public void project_DWS.DWS_Cart_Test.updateCart() throws java.lang.Exception]]>
              </value>
            </param>
          </params>
          <reporter-output>
          </reporter-output>
        </test-method> <!-- loginToDWS -->
        <test-method signature="updateCart()[pri:2, instance:project_DWS.DWS_Cart_Test@4c39bec8]" started-at="2025-06-21T15:47:08 IST" name="updateCart" finished-at="2025-06-21T15:47:12 IST" duration-ms="3845" status="FAIL">
          <exception class="java.lang.AssertionError">
            <message>
              <![CDATA[expected [true] but found [false]]]>
            </message>
            <full-stacktrace>
              <![CDATA[java.lang.AssertionError: expected [true] but found [false]
at org.testng.Assert.fail(Assert.java:111)
at org.testng.Assert.failNotEquals(Assert.java:1590)
at org.testng.Assert.assertEqualsImpl(Assert.java:150)
at org.testng.Assert.assertEquals(Assert.java:132)
at org.testng.Assert.assertEquals(Assert.java:1079)
at org.testng.Assert.assertEquals(Assert.java:1043)
at org.testng.Assert.assertEquals(Assert.java:1089)
at project_DWS.DWS_Cart_Test.updateCart(DWS_Cart_Test.java:45)
at java.base/jdk.internal.reflect.DirectMethodHandleAccessor.invoke(DirectMethodHandleAccessor.java:103)
at java.base/java.lang.reflect.Method.invoke(Method.java:580)
at org.testng.internal.invokers.MethodInvocationHelper.invokeMethod(MethodInvocationHelper.java:141)
at org.testng.internal.invokers.TestInvoker.invokeMethod(TestInvoker.java:687)
at org.testng.internal.invokers.TestInvoker.invokeTestMethod(TestInvoker.java:230)
at org.testng.internal.invokers.MethodRunner.runInSequence(MethodRunner.java:63)
at org.testng.internal.invokers.TestInvoker$MethodInvocationAgent.invoke(TestInvoker.java:995)
at org.testng.internal.invokers.TestInvoker.invokeTestMethods(TestInvoker.java:203)
at org.testng.internal.invokers.TestMethodWorker.invokeTestMethods(TestMethodWorker.java:154)
at org.testng.internal.invokers.TestMethodWorker.run(TestMethodWorker.java:134)
at java.base/java.util.ArrayList.forEach(ArrayList.java:1597)
at org.testng.TestRunner.privateRun(TestRunner.java:741)
at org.testng.TestRunner.run(TestRunner.java:616)
at org.testng.SuiteRunner.runTest(SuiteRunner.java:421)
at org.testng.SuiteRunner.runSequentially(SuiteRunner.java:413)
at org.testng.SuiteRunner.privateRun(SuiteRunner.java:373)
at org.testng.SuiteRunner.run(SuiteRunner.java:312)
at org.testng.SuiteRunnerWorker.runSuite(SuiteRunnerWorker.java:52)
at org.testng.SuiteRunnerWorker.run(SuiteRunnerWorker.java:95)
at org.testng.TestNG.runSuitesSequentially(TestNG.java:1274)
at org.testng.TestNG.runSuitesLocally(TestNG.java:1208)
at org.testng.TestNG.runSuites(TestNG.java:1112)
at org.testng.TestNG.run(TestNG.java:1079)
at org.testng.remote.AbstractRemoteTestNG.run(AbstractRemoteTestNG.java:115)
at org.testng.remote.RemoteTestNG.initAndRun(RemoteTestNG.java:293)
at org.testng.remote.RemoteTestNG.main(RemoteTestNG.java:91)
]]>
            </full-stacktrace>
          </exception> <!-- java.lang.AssertionError -->
          <reporter-output>
          </reporter-output>
        </test-method> <!-- updateCart -->
        <test-method is-config="true" signature="logoutFromDWS()[pri:0, instance:project_DWS.DWS_Cart_Test@4c39bec8]" started-at="2025-06-21T15:47:12 IST" name="logoutFromDWS" finished-at="2025-06-21T15:47:14 IST" duration-ms="1328" status="PASS">
          <reporter-output>
          </reporter-output>
        </test-method> <!-- logoutFromDWS -->
        <test-method is-config="true" signature="loginToDWS(java.lang.reflect.Method)[pri:0, instance:project_DWS.DWS_Cart_Test@4c39bec8]" started-at="2025-06-21T15:47:14 IST" name="loginToDWS" finished-at="2025-06-21T15:47:19 IST" duration-ms="5196" status="PASS">
          <params>
            <param index="0">
              <value>
                <![CDATA[public void project_DWS.DWS_Cart_Test.removeFromCart() throws java.lang.Exception]]>
              </value>
            </param>
          </params>
          <reporter-output>
          </reporter-output>
        </test-method> <!-- loginToDWS -->
        <test-method signature="removeFromCart()[pri:3, instance:project_DWS.DWS_Cart_Test@4c39bec8]" started-at="2025-06-21T15:47:19 IST" name="removeFromCart" finished-at="2025-06-21T15:47:21 IST" duration-ms="2654" status="PASS">
          <reporter-output>
          </reporter-output>
        </test-method> <!-- removeFromCart -->
        <test-method is-config="true" signature="logoutFromDWS()[pri:0, instance:project_DWS.DWS_Cart_Test@4c39bec8]" started-at="2025-06-21T15:47:21 IST" name="logoutFromDWS" finished-at="2025-06-21T15:47:23 IST" duration-ms="1847" status="PASS">
          <reporter-output>
          </reporter-output>
        </test-method> <!-- logoutFromDWS -->
        <test-method is-config="true" signature="closeBrowser()[pri:0, instance:project_DWS.DWS_Cart_Test@4c39bec8]" started-at="2025-06-21T15:47:23 IST" name="closeBrowser" finished-at="2025-06-21T15:47:24 IST" duration-ms="543" status="PASS">
          <reporter-output>
          </reporter-output>
        </test-method> <!-- closeBrowser -->
        <test-method is-config="true" signature="saveReport()[pri:0, instance:project_DWS.DWS_Cart_Test@4c39bec8]" started-at="2025-06-21T15:50:13 IST" name="saveReport" finished-at="2025-06-21T15:50:13 IST" duration-ms="481" status="PASS">
          <reporter-output>
          </reporter-output>
        </test-method> <!-- saveReport -->
      </class> <!-- project_DWS.DWS_Cart_Test -->
    </test> <!-- Test -->
  </suite> <!-- Suite -->
</testng-results>
