<?xml version="1.0" encoding="UTF-8"?>
<!-- Generated by org.testng.reporters.JUnitReportReporter -->
<testsuite hostname="Nachi" failures="0" tests="50" name="learning_TestNG.Flipkart_Search" time="646.010" errors="1" timestamp="2025-04-03T17:14:21 IST" skipped="0">
  <testcase classname="learning_TestNG.Flipkart_Search" name="filpkart" time="10.369"/>
  <testcase classname="learning_TestNG.Flipkart_Search" name="filpkart" time="19.756"/>
  <testcase classname="learning_TestNG.Flipkart_Search" name="filpkart" time="10.111"/>
  <testcase classname="learning_TestNG.Flipkart_Search" name="filpkart" time="8.454"/>
  <testcase classname="learning_TestNG.Flipkart_Search" name="filpkart" time="17.359"/>
  <testcase classname="learning_TestNG.Flipkart_Search" name="filpkart" time="33.101"/>
  <testcase classname="learning_TestNG.Flipkart_Search" name="filpkart" time="12.733"/>
  <testcase classname="learning_TestNG.Flipkart_Search" name="filpkart" time="10.038"/>
  <testcase classname="learning_TestNG.Flipkart_Search" name="filpkart" time="10.230"/>
  <testcase classname="learning_TestNG.Flipkart_Search" name="filpkart" time="7.950"/>
  <testcase classname="learning_TestNG.Flipkart_Search" name="filpkart" time="9.286"/>
  <testcase classname="learning_TestNG.Flipkart_Search" name="filpkart" time="11.504"/>
  <testcase classname="learning_TestNG.Flipkart_Search" name="filpkart" time="19.594"/>
  <testcase classname="learning_TestNG.Flipkart_Search" name="filpkart" time="9.756"/>
  <testcase classname="learning_TestNG.Flipkart_Search" name="filpkart" time="10.172"/>
  <testcase classname="learning_TestNG.Flipkart_Search" name="filpkart" time="7.302"/>
  <testcase classname="learning_TestNG.Flipkart_Search" name="filpkart" time="10.098"/>
  <testcase classname="learning_TestNG.Flipkart_Search" name="filpkart" time="8.547"/>
  <testcase classname="learning_TestNG.Flipkart_Search" name="filpkart" time="7.575"/>
  <testcase classname="learning_TestNG.Flipkart_Search" name="filpkart" time="10.772"/>
  <testcase classname="learning_TestNG.Flipkart_Search" name="filpkart" time="29.464"/>
  <testcase classname="learning_TestNG.Flipkart_Search" name="filpkart" time="7.386"/>
  <testcase classname="learning_TestNG.Flipkart_Search" name="filpkart" time="7.606"/>
  <testcase classname="learning_TestNG.Flipkart_Search" name="filpkart" time="7.793"/>
  <testcase classname="learning_TestNG.Flipkart_Search" name="filpkart" time="8.447"/>
  <testcase classname="learning_TestNG.Flipkart_Search" name="filpkart" time="14.784"/>
  <testcase classname="learning_TestNG.Flipkart_Search" name="filpkart" time="15.867"/>
  <testcase classname="learning_TestNG.Flipkart_Search" name="filpkart" time="24.561"/>
  <testcase classname="learning_TestNG.Flipkart_Search" name="filpkart" time="47.156"/>
  <testcase classname="learning_TestNG.Flipkart_Search" name="filpkart" time="11.827"/>
  <testcase classname="learning_TestNG.Flipkart_Search" name="filpkart" time="9.065"/>
  <testcase classname="learning_TestNG.Flipkart_Search" name="filpkart" time="9.896"/>
  <testcase classname="learning_TestNG.Flipkart_Search" name="filpkart" time="9.134"/>
  <testcase classname="learning_TestNG.Flipkart_Search" name="filpkart" time="10.171"/>
  <testcase classname="learning_TestNG.Flipkart_Search" name="filpkart" time="14.796"/>
  <testcase classname="learning_TestNG.Flipkart_Search" name="filpkart" time="13.613"/>
  <testcase classname="learning_TestNG.Flipkart_Search" name="filpkart" time="9.582"/>
  <testcase classname="learning_TestNG.Flipkart_Search" name="filpkart" time="10.051"/>
  <testcase classname="learning_TestNG.Flipkart_Search" name="filpkart" time="14.132"/>
  <testcase classname="learning_TestNG.Flipkart_Search" name="filpkart" time="10.434"/>
  <testcase classname="learning_TestNG.Flipkart_Search" name="filpkart" time="21.171"/>
  <testcase classname="learning_TestNG.Flipkart_Search" name="filpkart" time="9.781"/>
  <testcase classname="learning_TestNG.Flipkart_Search" name="filpkart" time="3.983">
    <error message="stale element reference: stale element not found in the current frame
  (Session info: chrome=134.0.6998.178)
For documentation on this error, please visit: https://www.selenium.dev/documentation/webdriver/troubleshooting/errors#stale-element-reference-exception
Build info: version: &#039;4.27.0&#039;, revision: &#039;d6e718d134&#039;
System info: os.name: &#039;Windows 11&#039;, os.arch: &#039;amd64&#039;, os.version: &#039;10.0&#039;, java.version: &#039;23.0.1&#039;
Driver info: org.openqa.selenium.chrome.ChromeDriver
Command: [686ab711a2ed3ce3e60c77cd84edf302, sendKeysToElement {id=f.5340AE3463035C24B860A9887A39250B.d.AE0AE00BFD756378F45C130EC1FDB373.e.1, value=[Ljava.lang.CharSequence;@b4732dc}]
Capabilities {acceptInsecureCerts: false, browserName: chrome, browserVersion: 134.0.6998.178, chrome: {chromedriverVersion: 134.0.6998.165 (fd886e2cb29..., userDataDir: C:\Users\dhane\AppData\Loca...}, fedcm:accounts: true, goog:chromeOptions: {debuggerAddress: localhost:63713}, networkConnectionEnabled: false, pageLoadStrategy: normal, platformName: windows, proxy: Proxy(), se:cdp: ws://localhost:63713/devtoo..., se:cdpVersion: 134.0.6998.178, setWindowRect: true, strictFileInteractability: false, timeouts: {implicit: 0, pageLoad: 300000, script: 30000}, unhandledPromptBehavior: dismiss and notify, webauthn:extension:credBlob: true, webauthn:extension:largeBlob: true, webauthn:extension:minPinLength: true, webauthn:extension:prf: true, webauthn:virtualAuthenticators: true}
Element: [[ChromeDriver: chrome on windows (686ab711a2ed3ce3e60c77cd84edf302)] -&gt; name: q]
Session ID: 686ab711a2ed3ce3e60c77cd84edf302" type="org.openqa.selenium.StaleElementReferenceException">
      <![CDATA[org.openqa.selenium.StaleElementReferenceException: stale element reference: stale element not found in the current frame
  (Session info: chrome=134.0.6998.178)
For documentation on this error, please visit: https://www.selenium.dev/documentation/webdriver/troubleshooting/errors#stale-element-reference-exception
Build info: version: '4.27.0', revision: 'd6e718d134'
System info: os.name: 'Windows 11', os.arch: 'amd64', os.version: '10.0', java.version: '23.0.1'
Driver info: org.openqa.selenium.chrome.ChromeDriver
Command: [686ab711a2ed3ce3e60c77cd84edf302, sendKeysToElement {id=f.5340AE3463035C24B860A9887A39250B.d.AE0AE00BFD756378F45C130EC1FDB373.e.1, value=[Ljava.lang.CharSequence;@b4732dc}]
Capabilities {acceptInsecureCerts: false, browserName: chrome, browserVersion: 134.0.6998.178, chrome: {chromedriverVersion: 134.0.6998.165 (fd886e2cb29..., userDataDir: C:\Users\dhane\AppData\Loca...}, fedcm:accounts: true, goog:chromeOptions: {debuggerAddress: localhost:63713}, networkConnectionEnabled: false, pageLoadStrategy: normal, platformName: windows, proxy: Proxy(), se:cdp: ws://localhost:63713/devtoo..., se:cdpVersion: 134.0.6998.178, setWindowRect: true, strictFileInteractability: false, timeouts: {implicit: 0, pageLoad: 300000, script: 30000}, unhandledPromptBehavior: dismiss and notify, webauthn:extension:credBlob: true, webauthn:extension:largeBlob: true, webauthn:extension:minPinLength: true, webauthn:extension:prf: true, webauthn:virtualAuthenticators: true}
Element: [[ChromeDriver: chrome on windows (686ab711a2ed3ce3e60c77cd84edf302)] -> name: q]
Session ID: 686ab711a2ed3ce3e60c77cd84edf302
at java.base/jdk.internal.reflect.DirectConstructorHandleAccessor.newInstance(DirectConstructorHandleAccessor.java:62)
at java.base/java.lang.reflect.Constructor.newInstanceWithCaller(Constructor.java:501)
at java.base/java.lang.reflect.Constructor.newInstance(Constructor.java:485)
at org.openqa.selenium.remote.ErrorCodec.decode(ErrorCodec.java:167)
at org.openqa.selenium.remote.codec.w3c.W3CHttpResponseCodec.decode(W3CHttpResponseCodec.java:138)
at org.openqa.selenium.remote.codec.w3c.W3CHttpResponseCodec.decode(W3CHttpResponseCodec.java:50)
at org.openqa.selenium.remote.HttpCommandExecutor.execute(HttpCommandExecutor.java:190)
at org.openqa.selenium.remote.service.DriverCommandExecutor.invokeExecute(DriverCommandExecutor.java:216)
at org.openqa.selenium.remote.service.DriverCommandExecutor.execute(DriverCommandExecutor.java:174)
at org.openqa.selenium.remote.RemoteWebDriver.execute(RemoteWebDriver.java:545)
at org.openqa.selenium.remote.RemoteWebElement.execute(RemoteWebElement.java:223)
at org.openqa.selenium.remote.RemoteWebElement.sendKeys(RemoteWebElement.java:110)
at learning_TestNG.Flipkart_Search.filpkart(Flipkart_Search.java:30)
at java.base/jdk.internal.reflect.DirectMethodHandleAccessor.invoke(DirectMethodHandleAccessor.java:103)
at java.base/java.lang.reflect.Method.invoke(Method.java:580)
at org.testng.internal.invokers.MethodInvocationHelper.invokeMethod(MethodInvocationHelper.java:141)
at org.testng.internal.invokers.TestInvoker.invokeMethod(TestInvoker.java:687)
at org.testng.internal.invokers.TestInvoker.invokeTestMethod(TestInvoker.java:230)
at org.testng.internal.invokers.MethodRunner.runInSequence(MethodRunner.java:63)
at org.testng.internal.invokers.TestInvoker$MethodInvocationAgent.invoke(TestInvoker.java:995)
at org.testng.internal.invokers.TestInvoker.invokeTestMethods(TestInvoker.java:203)
at org.testng.internal.invokers.TestMethodWorker.invokeTestMethods(TestMethodWorker.java:154)
at org.testng.internal.invokers.TestMethodWorker.run(TestMethodWorker.java:134)
at java.base/java.util.ArrayList.forEach(ArrayList.java:1597)
at org.testng.TestRunner.privateRun(TestRunner.java:741)
at org.testng.TestRunner.run(TestRunner.java:616)
at org.testng.SuiteRunner.runTest(SuiteRunner.java:421)
at org.testng.SuiteRunner.runSequentially(SuiteRunner.java:413)
at org.testng.SuiteRunner.privateRun(SuiteRunner.java:373)
at org.testng.SuiteRunner.run(SuiteRunner.java:312)
at org.testng.SuiteRunnerWorker.runSuite(SuiteRunnerWorker.java:52)
at org.testng.SuiteRunnerWorker.run(SuiteRunnerWorker.java:95)
at org.testng.TestNG.runSuitesSequentially(TestNG.java:1274)
at org.testng.TestNG.runSuitesLocally(TestNG.java:1208)
at org.testng.TestNG.runSuites(TestNG.java:1112)
at org.testng.TestNG.run(TestNG.java:1079)
at org.testng.remote.AbstractRemoteTestNG.run(AbstractRemoteTestNG.java:115)
at org.testng.remote.RemoteTestNG.initAndRun(RemoteTestNG.java:293)
at org.testng.remote.RemoteTestNG.main(RemoteTestNG.java:91)
]]>
    </error>
  </testcase> <!-- filpkart -->
  <testcase classname="learning_TestNG.Flipkart_Search" name="filpkart" time="10.630"/>
  <testcase classname="learning_TestNG.Flipkart_Search" name="filpkart" time="12.008"/>
  <testcase classname="learning_TestNG.Flipkart_Search" name="filpkart" time="6.588"/>
  <testcase classname="learning_TestNG.Flipkart_Search" name="filpkart" time="11.113"/>
  <testcase classname="learning_TestNG.Flipkart_Search" name="filpkart" time="14.850"/>
  <testcase classname="learning_TestNG.Flipkart_Search" name="filpkart" time="9.247"/>
  <testcase classname="learning_TestNG.Flipkart_Search" name="filpkart" time="16.167"/>
</testsuite> <!-- learning_TestNG.Flipkart_Search -->
